<?xml version="1.0" encoding="utf-8"?><testsuites name="pytest tests"><testsuite name="pytest" errors="0" failures="0" skipped="0" tests="8" time="0.719" timestamp="2026-06-14T23:54:35.322239+00:00" hostname="agent-env-45957091-3de8-4f03-a305-3f0f844f8ff9"><testcase classname="backend.tests.backend_test.TestHealth" name="test_root" time="0.191" /><testcase classname="backend.tests.backend_test.TestHealth" name="test_health" time="0.044" /><testcase classname="backend.tests.backend_test.TestBookings" name="test_create_valid" time="0.062" /><testcase classname="backend.tests.backend_test.TestBookings" name="test_create_missing_name" time="0.042" /><testcase classname="backend.tests.backend_test.TestBookings" name="test_create_short_phone" time="0.044" /><testcase classname="backend.tests.backend_test.TestBookings" name="test_create_missing_service" time="0.042" /><testcase classname="backend.tests.backend_test.TestBookings" name="test_create_missing_date_and_time" time="0.043" /><testcase classname="backend.tests.backend_test.TestBookings" name="test_list_bookings" time="0.102" /></testsuite></testsuites>